Flow report for Lab5
Mon Oct 18 04:27:52 2021
Quartus Prime Version 18.1.0 Build 625 09/12/2018 SJ Lite Edition


---------------------
; Table of Contents ;
---------------------
  1. Legal Notice
  2. Flow Summary
  3. Flow Settings
  4. Flow Non-Default Global Settings
  5. Flow Elapsed Time
  6. Flow OS Summary
  7. Flow Log
  8. Flow Messages
  9. Flow Suppressed Messages



----------------
; Legal Notice ;
----------------
Copyright (C) 2018  Intel Corporation. All rights reserved.
Your use of Intel Corporation's design tools, logic functions 
and other software and tools, and its AMPP partner logic 
functions, and any output files from any of the foregoing 
(including device programming or simulation files), and any 
associated documentation or information are expressly subject 
to the terms and conditions of the Intel Program License 
Subscription Agreement, the Intel Quartus Prime License Agreement,
the Intel FPGA IP License Agreement, or other applicable license
agreement, including, without limitation, that your use is for
the sole purpose of programming logic devices manufactured by
Intel and sold by Intel or its authorized distributors.  Please
refer to the applicable agreement for further details.



+----------------------------------------------------------------------------------+
; Flow Summary                                                                     ;
+------------------------------------+---------------------------------------------+
; Flow Status                        ; Successful - Mon Oct 18 04:27:52 2021       ;
; Quartus Prime Version              ; 18.1.0 Build 625 09/12/2018 SJ Lite Edition ;
; Revision Name                      ; Lab5                                        ;
; Top-level Entity Name              ; slc3_sramtop                                ;
; Family                             ; MAX 10                                      ;
; Device                             ; 10M50DAF484C7G                              ;
; Timing Models                      ; Final                                       ;
; Total logic elements               ; 839 / 49,760 ( 2 % )                        ;
;     Total combinational functions  ; 806 / 49,760 ( 2 % )                        ;
;     Dedicated logic registers      ; 260 / 49,760 ( < 1 % )                      ;
; Total registers                    ; 260                                         ;
; Total pins                         ; 51 / 360 ( 14 % )                           ;
; Total virtual pins                 ; 0                                           ;
; Total memory bits                  ; 16,384 / 1,677,312 ( < 1 % )                ;
; Embedded Multiplier 9-bit elements ; 0 / 288 ( 0 % )                             ;
; Total PLLs                         ; 0 / 4 ( 0 % )                               ;
; UFM blocks                         ; 0 / 1 ( 0 % )                               ;
; ADC blocks                         ; 0 / 2 ( 0 % )                               ;
+------------------------------------+---------------------------------------------+


+-----------------------------------------+
; Flow Settings                           ;
+-------------------+---------------------+
; Option            ; Setting             ;
+-------------------+---------------------+
; Start date & time ; 10/18/2021 04:26:28 ;
; Main task         ; Compilation         ;
; Revision Name     ; Lab5                ;
+-------------------+---------------------+


+-------------------------------------------------------------------------------------------------------------------------------+
; Flow Non-Default Global Settings                                                                                              ;
+--------------------------------------+----------------------------------------+---------------+--------------+----------------+
; Assignment Name                      ; Value                                  ; Default Value ; Entity Name  ; Section Id     ;
+--------------------------------------+----------------------------------------+---------------+--------------+----------------+
; COMPILER_SIGNATURE_ID                ; 85812340938897.163454918615512         ; --            ; --           ; --             ;
; EDA_DESIGN_INSTANCE_NAME             ; NA                                     ; --            ; --           ; test_memory    ;
; EDA_DESIGN_INSTANCE_NAME             ; NA                                     ; --            ; --           ; testbench      ;
; EDA_NATIVELINK_SIMULATION_TEST_BENCH ; testbench                              ; --            ; --           ; eda_simulation ;
; EDA_OUTPUT_DATA_FORMAT               ; Systemverilog Hdl                      ; --            ; --           ; eda_simulation ;
; EDA_SIMULATION_TOOL                  ; ModelSim-Altera (SystemVerilog)        ; <None>        ; --           ; --             ;
; EDA_TEST_BENCH_ENABLE_STATUS         ; TEST_BENCH_MODE                        ; --            ; --           ; eda_simulation ;
; EDA_TEST_BENCH_FILE                  ; test_memory.sv                         ; --            ; --           ; test_memory    ;
; EDA_TEST_BENCH_FILE                  ; testbench.sv                           ; --            ; --           ; testbench      ;
; EDA_TEST_BENCH_MODULE_NAME           ; test_memory                            ; --            ; --           ; test_memory    ;
; EDA_TEST_BENCH_MODULE_NAME           ; testbench                              ; --            ; --           ; testbench      ;
; EDA_TEST_BENCH_NAME                  ; test_memory                            ; --            ; --           ; eda_simulation ;
; EDA_TEST_BENCH_NAME                  ; testbench                              ; --            ; --           ; eda_simulation ;
; EDA_TEST_BENCH_RUN_SIM_FOR           ; 900 ns                                 ; --            ; --           ; test_memory    ;
; EDA_TEST_BENCH_RUN_SIM_FOR           ; 2000 ns                                ; --            ; --           ; testbench      ;
; EDA_TIME_SCALE                       ; 1 ps                                   ; --            ; --           ; eda_simulation ;
; MAX_CORE_JUNCTION_TEMP               ; 85                                     ; --            ; --           ; --             ;
; MIN_CORE_JUNCTION_TEMP               ; 0                                      ; --            ; --           ; --             ;
; MISC_FILE                            ; ram_bb.v                               ; --            ; --           ; --             ;
; PARTITION_COLOR                      ; -- (Not supported for targeted family) ; --            ; slc3_sramtop ; Top            ;
; PARTITION_FITTER_PRESERVATION_LEVEL  ; -- (Not supported for targeted family) ; --            ; slc3_sramtop ; Top            ;
; PARTITION_NETLIST_TYPE               ; -- (Not supported for targeted family) ; --            ; slc3_sramtop ; Top            ;
; POWER_BOARD_THERMAL_MODEL            ; None (CONSERVATIVE)                    ; --            ; --           ; --             ;
; POWER_PRESET_COOLING_SOLUTION        ; 23 MM HEAT SINK WITH 200 LFPM AIRFLOW  ; --            ; --           ; --             ;
; PROJECT_OUTPUT_DIRECTORY             ; output_files                           ; --            ; --           ; --             ;
; TOP_LEVEL_ENTITY                     ; slc3_sramtop                           ; Lab5          ; --           ; --             ;
+--------------------------------------+----------------------------------------+---------------+--------------+----------------+


+--------------------------------------------------------------------------------------------------------------------------+
; Flow Elapsed Time                                                                                                        ;
+----------------------+--------------+-------------------------+---------------------+------------------------------------+
; Module Name          ; Elapsed Time ; Average Processors Used ; Peak Virtual Memory ; Total CPU Time (on all processors) ;
+----------------------+--------------+-------------------------+---------------------+------------------------------------+
; Analysis & Synthesis ; 00:00:29     ; 1.0                     ; 4747 MB             ; 00:00:48                           ;
; Fitter               ; 00:00:32     ; 1.1                     ; 5384 MB             ; 00:00:38                           ;
; Assembler            ; 00:00:07     ; 1.0                     ; 4681 MB             ; 00:00:05                           ;
; Timing Analyzer      ; 00:00:08     ; 1.2                     ; 4802 MB             ; 00:00:08                           ;
; EDA Netlist Writer   ; 00:00:02     ; 1.0                     ; 4666 MB             ; 00:00:02                           ;
; Total                ; 00:01:18     ; --                      ; --                  ; 00:01:41                           ;
+----------------------+--------------+-------------------------+---------------------+------------------------------------+


+------------------------------------------------------------------------------------+
; Flow OS Summary                                                                    ;
+----------------------+------------------+------------+------------+----------------+
; Module Name          ; Machine Hostname ; OS Name    ; OS Version ; Processor type ;
+----------------------+------------------+------------+------------+----------------+
; Analysis & Synthesis ; Stevensurface    ; Windows 10 ; 10.0       ; x86_64         ;
; Fitter               ; Stevensurface    ; Windows 10 ; 10.0       ; x86_64         ;
; Assembler            ; Stevensurface    ; Windows 10 ; 10.0       ; x86_64         ;
; Timing Analyzer      ; Stevensurface    ; Windows 10 ; 10.0       ; x86_64         ;
; EDA Netlist Writer   ; Stevensurface    ; Windows 10 ; 10.0       ; x86_64         ;
+----------------------+------------------+------------+------------+----------------+


------------
; Flow Log ;
------------
quartus_map --read_settings_files=on --write_settings_files=off Lab5 -c Lab5
quartus_fit --read_settings_files=off --write_settings_files=off Lab5 -c Lab5
quartus_asm --read_settings_files=off --write_settings_files=off Lab5 -c Lab5
quartus_sta Lab5 -c Lab5
quartus_eda --read_settings_files=off --write_settings_files=off Lab5 -c Lab5



