Analysis & Synthesis report for Lab5
Mon Oct 18 04:26:55 2021
Quartus Prime Version 18.1.0 Build 625 09/12/2018 SJ Lite Edition


---------------------
; Table of Contents ;
---------------------
  1. Legal Notice
  2. Analysis & Synthesis Summary
  3. Analysis & Synthesis Settings
  4. Parallel Compilation
  5. Analysis & Synthesis Source Files Read
  6. Analysis & Synthesis Resource Usage Summary
  7. Analysis & Synthesis Resource Utilization by Entity
  8. Analysis & Synthesis RAM Summary
  9. Analysis & Synthesis IP Cores Summary
 10. State Machine - |slc3_sramtop|Instantiateram:instaRam|state
 11. State Machine - |slc3_sramtop|slc3:slc|ISDU:state_controller|State
 12. Registers Removed During Synthesis
 13. General Register Statistics
 14. Multiplexer Restructuring Statistics (Restructuring Performed)
 15. Source assignments for ram:ram0|altsyncram:altsyncram_component|altsyncram_hag1:auto_generated
 16. Parameter Settings for User Entity Instance: ram:ram0|altsyncram:altsyncram_component
 17. altsyncram Parameter Settings by Entity Instance
 18. Port Connectivity Checks: "Instantiateram:instaRam"
 19. Port Connectivity Checks: "slc3:slc|ISDU:state_controller"
 20. Port Connectivity Checks: "slc3:slc"
 21. Post-Synthesis Netlist Statistics for Top Partition
 22. Elapsed Time Per Partition
 23. Analysis & Synthesis Messages
 24. Analysis & Synthesis Suppressed Messages



----------------
; Legal Notice ;
----------------
Copyright (C) 2018  Intel Corporation. All rights reserved.
Your use of Intel Corporation's design tools, logic functions 
and other software and tools, and its AMPP partner logic 
functions, and any output files from any of the foregoing 
(including device programming or simulation files), and any 
associated documentation or information are expressly subject 
to the terms and conditions of the Intel Program License 
Subscription Agreement, the Intel Quartus Prime License Agreement,
the Intel FPGA IP License Agreement, or other applicable license
agreement, including, without limitation, that your use is for
the sole purpose of programming logic devices manufactured by
Intel and sold by Intel or its authorized distributors.  Please
refer to the applicable agreement for further details.



+----------------------------------------------------------------------------------+
; Analysis & Synthesis Summary                                                     ;
+------------------------------------+---------------------------------------------+
; Analysis & Synthesis Status        ; Successful - Mon Oct 18 04:26:55 2021       ;
; Quartus Prime Version              ; 18.1.0 Build 625 09/12/2018 SJ Lite Edition ;
; Revision Name                      ; Lab5                                        ;
; Top-level Entity Name              ; slc3_sramtop                                ;
; Family                             ; MAX 10                                      ;
; Total logic elements               ; 952                                         ;
;     Total combinational functions  ; 805                                         ;
;     Dedicated logic registers      ; 260                                         ;
; Total registers                    ; 260                                         ;
; Total pins                         ; 51                                          ;
; Total virtual pins                 ; 0                                           ;
; Total memory bits                  ; 16,384                                      ;
; Embedded Multiplier 9-bit elements ; 0                                           ;
; Total PLLs                         ; 0                                           ;
; UFM blocks                         ; 0                                           ;
; ADC blocks                         ; 0                                           ;
+------------------------------------+---------------------------------------------+


+------------------------------------------------------------------------------------------------------------+
; Analysis & Synthesis Settings                                                                              ;
+------------------------------------------------------------------+--------------------+--------------------+
; Option                                                           ; Setting            ; Default Value      ;
+------------------------------------------------------------------+--------------------+--------------------+
; Device                                                           ; 10M50DAF484C7G     ;                    ;
; Top-level entity name                                            ; slc3_sramtop       ; Lab5               ;
; Family name                                                      ; MAX 10             ; Cyclone V          ;
; Use smart compilation                                            ; Off                ; Off                ;
; Enable parallel Assembler and Timing Analyzer during compilation ; On                 ; On                 ;
; Enable compact report table                                      ; Off                ; Off                ;
; Restructure Multiplexers                                         ; Auto               ; Auto               ;
; Create Debugging Nodes for IP Cores                              ; Off                ; Off                ;
; Preserve fewer node names                                        ; On                 ; On                 ;
; Intel FPGA IP Evaluation Mode                                    ; Enable             ; Enable             ;
; Verilog Version                                                  ; Verilog_2001       ; Verilog_2001       ;
; VHDL Version                                                     ; VHDL_1993          ; VHDL_1993          ;
; State Machine Processing                                         ; Auto               ; Auto               ;
; Safe State Machine                                               ; Off                ; Off                ;
; Extract Verilog State Machines                                   ; On                 ; On                 ;
; Extract VHDL State Machines                                      ; On                 ; On                 ;
; Ignore Verilog initial constructs                                ; Off                ; Off                ;
; Iteration limit for constant Verilog loops                       ; 5000               ; 5000               ;
; Iteration limit for non-constant Verilog loops                   ; 250                ; 250                ;
; Add Pass-Through Logic to Inferred RAMs                          ; On                 ; On                 ;
; Infer RAMs from Raw Logic                                        ; On                 ; On                 ;
; Parallel Synthesis                                               ; On                 ; On                 ;
; DSP Block Balancing                                              ; Auto               ; Auto               ;
; NOT Gate Push-Back                                               ; On                 ; On                 ;
; Power-Up Don't Care                                              ; On                 ; On                 ;
; Remove Redundant Logic Cells                                     ; Off                ; Off                ;
; Remove Duplicate Registers                                       ; On                 ; On                 ;
; Ignore CARRY Buffers                                             ; Off                ; Off                ;
; Ignore CASCADE Buffers                                           ; Off                ; Off                ;
; Ignore GLOBAL Buffers                                            ; Off                ; Off                ;
; Ignore ROW GLOBAL Buffers                                        ; Off                ; Off                ;
; Ignore LCELL Buffers                                             ; Off                ; Off                ;
; Ignore SOFT Buffers                                              ; On                 ; On                 ;
; Limit AHDL Integers to 32 Bits                                   ; Off                ; Off                ;
; Optimization Technique                                           ; Balanced           ; Balanced           ;
; Carry Chain Length                                               ; 70                 ; 70                 ;
; Auto Carry Chains                                                ; On                 ; On                 ;
; Auto Open-Drain Pins                                             ; On                 ; On                 ;
; Perform WYSIWYG Primitive Resynthesis                            ; Off                ; Off                ;
; Auto ROM Replacement                                             ; On                 ; On                 ;
; Auto RAM Replacement                                             ; On                 ; On                 ;
; Auto DSP Block Replacement                                       ; On                 ; On                 ;
; Auto Shift Register Replacement                                  ; Auto               ; Auto               ;
; Allow Shift Register Merging across Hierarchies                  ; Auto               ; Auto               ;
; Auto Clock Enable Replacement                                    ; On                 ; On                 ;
; Strict RAM Replacement                                           ; Off                ; Off                ;
; Allow Synchronous Control Signals                                ; On                 ; On                 ;
; Force Use of Synchronous Clear Signals                           ; Off                ; Off                ;
; Auto RAM Block Balancing                                         ; On                 ; On                 ;
; Auto RAM to Logic Cell Conversion                                ; Off                ; Off                ;
; Auto Resource Sharing                                            ; Off                ; Off                ;
; Allow Any RAM Size For Recognition                               ; Off                ; Off                ;
; Allow Any ROM Size For Recognition                               ; Off                ; Off                ;
; Allow Any Shift Register Size For Recognition                    ; Off                ; Off                ;
; Use LogicLock Constraints during Resource Balancing              ; On                 ; On                 ;
; Ignore translate_off and synthesis_off directives                ; Off                ; Off                ;
; Timing-Driven Synthesis                                          ; On                 ; On                 ;
; Report Parameter Settings                                        ; On                 ; On                 ;
; Report Source Assignments                                        ; On                 ; On                 ;
; Report Connectivity Checks                                       ; On                 ; On                 ;
; Ignore Maximum Fan-Out Assignments                               ; Off                ; Off                ;
; Synchronization Register Chain Length                            ; 2                  ; 2                  ;
; Power Optimization During Synthesis                              ; Normal compilation ; Normal compilation ;
; HDL message level                                                ; Level2             ; Level2             ;
; Suppress Register Optimization Related Messages                  ; Off                ; Off                ;
; Number of Removed Registers Reported in Synthesis Report         ; 5000               ; 5000               ;
; Number of Swept Nodes Reported in Synthesis Report               ; 5000               ; 5000               ;
; Number of Inverted Registers Reported in Synthesis Report        ; 100                ; 100                ;
; Clock MUX Protection                                             ; On                 ; On                 ;
; Auto Gated Clock Conversion                                      ; Off                ; Off                ;
; Block Design Naming                                              ; Auto               ; Auto               ;
; SDC constraint protection                                        ; Off                ; Off                ;
; Synthesis Effort                                                 ; Auto               ; Auto               ;
; Shift Register Replacement - Allow Asynchronous Clear Signal     ; On                 ; On                 ;
; Pre-Mapping Resynthesis Optimization                             ; Off                ; Off                ;
; Analysis & Synthesis Message Level                               ; Medium             ; Medium             ;
; Disable Register Merging Across Hierarchies                      ; Auto               ; Auto               ;
; Resource Aware Inference For Block RAM                           ; On                 ; On                 ;
+------------------------------------------------------------------+--------------------+--------------------+


+------------------------------------------+
; Parallel Compilation                     ;
+----------------------------+-------------+
; Processors                 ; Number      ;
+----------------------------+-------------+
; Number detected on machine ; 4           ;
; Maximum allowed            ; 2           ;
;                            ;             ;
; Average used               ; 1.00        ;
; Maximum used               ; 2           ;
;                            ;             ;
; Usage by Processor         ; % Time Used ;
;     Processor 1            ; 100.0%      ;
;     Processor 2            ;   0.1%      ;
+----------------------------+-------------+


+---------------------------------------------------------------------------------------------------------------------------------------------------------------------------------------+
; Analysis & Synthesis Source Files Read                                                                                                                                                ;
+----------------------------------+-----------------+------------------------------+-----------------------------------------------------------------------------------------+---------+
; File Name with User-Entered Path ; Used in Netlist ; File Type                    ; File Name with Absolute Path                                                            ; Library ;
+----------------------------------+-----------------+------------------------------+-----------------------------------------------------------------------------------------+---------+
; HexDriver.sv                     ; yes             ; User SystemVerilog HDL File  ; C:/Users/sdimo_000/OneDrive/Documents/Desktop/lab5/ECE-385/Lab 5/HexDriver.sv           ;         ;
; synchronizers.sv                 ; yes             ; User SystemVerilog HDL File  ; C:/Users/sdimo_000/OneDrive/Documents/Desktop/lab5/ECE-385/Lab 5/synchronizers.sv       ;         ;
; slc3_sramtop.sv                  ; yes             ; User SystemVerilog HDL File  ; C:/Users/sdimo_000/OneDrive/Documents/Desktop/lab5/ECE-385/Lab 5/slc3_sramtop.sv        ;         ;
; SLC3_2.sv                        ; yes             ; User SystemVerilog HDL File  ; C:/Users/sdimo_000/OneDrive/Documents/Desktop/lab5/ECE-385/Lab 5/SLC3_2.sv              ;         ;
; slc3.sv                          ; yes             ; User SystemVerilog HDL File  ; C:/Users/sdimo_000/OneDrive/Documents/Desktop/lab5/ECE-385/Lab 5/slc3.sv                ;         ;
; Mem2IO.sv                        ; yes             ; User SystemVerilog HDL File  ; C:/Users/sdimo_000/OneDrive/Documents/Desktop/lab5/ECE-385/Lab 5/Mem2IO.sv              ;         ;
; ISDU.sv                          ; yes             ; User SystemVerilog HDL File  ; C:/Users/sdimo_000/OneDrive/Documents/Desktop/lab5/ECE-385/Lab 5/ISDU.sv                ;         ;
; Instantiateram.sv                ; yes             ; User SystemVerilog HDL File  ; C:/Users/sdimo_000/OneDrive/Documents/Desktop/lab5/ECE-385/Lab 5/Instantiateram.sv      ;         ;
; datapath.sv                      ; yes             ; User SystemVerilog HDL File  ; C:/Users/sdimo_000/OneDrive/Documents/Desktop/lab5/ECE-385/Lab 5/datapath.sv            ;         ;
; ram.v                            ; yes             ; User Wizard-Generated File   ; C:/Users/sdimo_000/OneDrive/Documents/Desktop/lab5/ECE-385/Lab 5/ram.v                  ;         ;
; register_generic.sv              ; yes             ; User SystemVerilog HDL File  ; C:/Users/sdimo_000/OneDrive/Documents/Desktop/lab5/ECE-385/Lab 5/register_generic.sv    ;         ;
; ALU.sv                           ; yes             ; User SystemVerilog HDL File  ; C:/Users/sdimo_000/OneDrive/Documents/Desktop/lab5/ECE-385/Lab 5/ALU.sv                 ;         ;
; altsyncram.tdf                   ; yes             ; Megafunction                 ; c:/intelfpga_lite/18.1/quartus/libraries/megafunctions/altsyncram.tdf                   ;         ;
; stratix_ram_block.inc            ; yes             ; Megafunction                 ; c:/intelfpga_lite/18.1/quartus/libraries/megafunctions/stratix_ram_block.inc            ;         ;
; lpm_mux.inc                      ; yes             ; Megafunction                 ; c:/intelfpga_lite/18.1/quartus/libraries/megafunctions/lpm_mux.inc                      ;         ;
; lpm_decode.inc                   ; yes             ; Megafunction                 ; c:/intelfpga_lite/18.1/quartus/libraries/megafunctions/lpm_decode.inc                   ;         ;
; aglobal181.inc                   ; yes             ; Megafunction                 ; c:/intelfpga_lite/18.1/quartus/libraries/megafunctions/aglobal181.inc                   ;         ;
; a_rdenreg.inc                    ; yes             ; Megafunction                 ; c:/intelfpga_lite/18.1/quartus/libraries/megafunctions/a_rdenreg.inc                    ;         ;
; altrom.inc                       ; yes             ; Megafunction                 ; c:/intelfpga_lite/18.1/quartus/libraries/megafunctions/altrom.inc                       ;         ;
; altram.inc                       ; yes             ; Megafunction                 ; c:/intelfpga_lite/18.1/quartus/libraries/megafunctions/altram.inc                       ;         ;
; altdpram.inc                     ; yes             ; Megafunction                 ; c:/intelfpga_lite/18.1/quartus/libraries/megafunctions/altdpram.inc                     ;         ;
; db/altsyncram_hag1.tdf           ; yes             ; Auto-Generated Megafunction  ; C:/Users/sdimo_000/OneDrive/Documents/Desktop/lab5/ECE-385/Lab 5/db/altsyncram_hag1.tdf ;         ;
+----------------------------------+-----------------+------------------------------+-----------------------------------------------------------------------------------------+---------+


+---------------------------------------------------------+
; Analysis & Synthesis Resource Usage Summary             ;
+---------------------------------------------+-----------+
; Resource                                    ; Usage     ;
+---------------------------------------------+-----------+
; Estimated Total logic elements              ; 952       ;
;                                             ;           ;
; Total combinational functions               ; 805       ;
; Logic element usage by number of LUT inputs ;           ;
;     -- 4 input functions                    ; 557       ;
;     -- 3 input functions                    ; 188       ;
;     -- <=2 input functions                  ; 60        ;
;                                             ;           ;
; Logic elements by mode                      ;           ;
;     -- normal mode                          ; 746       ;
;     -- arithmetic mode                      ; 59        ;
;                                             ;           ;
; Total registers                             ; 260       ;
;     -- Dedicated logic registers            ; 260       ;
;     -- I/O registers                        ; 0         ;
;                                             ;           ;
; I/O pins                                    ; 51        ;
; Total memory bits                           ; 16384     ;
;                                             ;           ;
; Embedded Multiplier 9-bit elements          ; 0         ;
;                                             ;           ;
; Maximum fan-out node                        ; Clk~input ;
; Maximum fan-out                             ; 276       ;
; Total fan-out                               ; 4024      ;
; Average fan-out                             ; 3.40      ;
+---------------------------------------------+-----------+


+--------------------------------------------------------------------------------------------------------------------------------------------------------------------------------------------------------------------------------------------------------------------------------------------------------------------------+
; Analysis & Synthesis Resource Utilization by Entity                                                                                                                                                                                                                                                                      ;
+-------------------------------------------+---------------------+---------------------------+-------------+------------+--------------+---------+-----------+------+--------------+------------+---------------------------------------------------------------------------------------+------------------+--------------+
; Compilation Hierarchy Node                ; Combinational ALUTs ; Dedicated Logic Registers ; Memory Bits ; UFM Blocks ; DSP Elements ; DSP 9x9 ; DSP 18x18 ; Pins ; Virtual Pins ; ADC blocks ; Full Hierarchy Name                                                                   ; Entity Name      ; Library Name ;
+-------------------------------------------+---------------------+---------------------------+-------------+------------+--------------+---------+-----------+------+--------------+------------+---------------------------------------------------------------------------------------+------------------+--------------+
; |slc3_sramtop                             ; 805 (64)            ; 260 (0)                   ; 16384       ; 0          ; 0            ; 0       ; 0         ; 51   ; 0            ; 0          ; |slc3_sramtop                                                                         ; slc3_sramtop     ; work         ;
;    |Instantiateram:instaRam|              ; 258 (258)           ; 17 (17)                   ; 0           ; 0          ; 0            ; 0       ; 0         ; 0    ; 0            ; 0          ; |slc3_sramtop|Instantiateram:instaRam                                                 ; Instantiateram   ; work         ;
;    |ram:ram0|                             ; 0 (0)               ; 0 (0)                     ; 16384       ; 0          ; 0            ; 0       ; 0         ; 0    ; 0            ; 0          ; |slc3_sramtop|ram:ram0                                                                ; ram              ; work         ;
;       |altsyncram:altsyncram_component|   ; 0 (0)               ; 0 (0)                     ; 16384       ; 0          ; 0            ; 0       ; 0         ; 0    ; 0            ; 0          ; |slc3_sramtop|ram:ram0|altsyncram:altsyncram_component                                ; altsyncram       ; work         ;
;          |altsyncram_hag1:auto_generated| ; 0 (0)               ; 0 (0)                     ; 16384       ; 0          ; 0            ; 0       ; 0         ; 0    ; 0            ; 0          ; |slc3_sramtop|ram:ram0|altsyncram:altsyncram_component|altsyncram_hag1:auto_generated ; altsyncram_hag1  ; work         ;
;    |slc3:slc|                             ; 483 (182)           ; 241 (4)                   ; 0           ; 0          ; 0            ; 0       ; 0         ; 0    ; 0            ; 0          ; |slc3_sramtop|slc3:slc                                                                ; slc3             ; work         ;
;       |ALU:Arithmetic|                    ; 142 (142)           ; 0 (0)                     ; 0           ; 0          ; 0            ; 0       ; 0         ; 0    ; 0            ; 0          ; |slc3_sramtop|slc3:slc|ALU:Arithmetic                                                 ; ALU              ; work         ;
;       |HexDriver:hex_drivers[0]|          ; 7 (7)               ; 0 (0)                     ; 0           ; 0          ; 0            ; 0       ; 0         ; 0    ; 0            ; 0          ; |slc3_sramtop|slc3:slc|HexDriver:hex_drivers[0]                                       ; HexDriver        ; work         ;
;       |HexDriver:hex_drivers[1]|          ; 7 (7)               ; 0 (0)                     ; 0           ; 0          ; 0            ; 0       ; 0         ; 0    ; 0            ; 0          ; |slc3_sramtop|slc3:slc|HexDriver:hex_drivers[1]                                       ; HexDriver        ; work         ;
;       |HexDriver:hex_drivers[2]|          ; 7 (7)               ; 0 (0)                     ; 0           ; 0          ; 0            ; 0       ; 0         ; 0    ; 0            ; 0          ; |slc3_sramtop|slc3:slc|HexDriver:hex_drivers[2]                                       ; HexDriver        ; work         ;
;       |HexDriver:hex_drivers[3]|          ; 7 (7)               ; 0 (0)                     ; 0           ; 0          ; 0            ; 0       ; 0         ; 0    ; 0            ; 0          ; |slc3_sramtop|slc3:slc|HexDriver:hex_drivers[3]                                       ; HexDriver        ; work         ;
;       |ISDU:state_controller|             ; 57 (57)             ; 29 (29)                   ; 0           ; 0          ; 0            ; 0       ; 0         ; 0    ; 0            ; 0          ; |slc3_sramtop|slc3:slc|ISDU:state_controller                                          ; ISDU             ; work         ;
;       |Mem2IO:memory_subsystem|           ; 22 (22)             ; 16 (16)                   ; 0           ; 0          ; 0            ; 0       ; 0         ; 0    ; 0            ; 0          ; |slc3_sramtop|slc3:slc|Mem2IO:memory_subsystem                                        ; Mem2IO           ; work         ;
;       |datapath:d0|                       ; 36 (36)             ; 0 (0)                     ; 0           ; 0          ; 0            ; 0       ; 0         ; 0    ; 0            ; 0          ; |slc3_sramtop|slc3:slc|datapath:d0                                                    ; datapath         ; work         ;
;       |register_generic:IR1|              ; 0 (0)               ; 16 (16)                   ; 0           ; 0          ; 0            ; 0       ; 0         ; 0    ; 0            ; 0          ; |slc3_sramtop|slc3:slc|register_generic:IR1                                           ; register_generic ; work         ;
;       |register_generic:MAR1|             ; 0 (0)               ; 16 (16)                   ; 0           ; 0          ; 0            ; 0       ; 0         ; 0    ; 0            ; 0          ; |slc3_sramtop|slc3:slc|register_generic:MAR1                                          ; register_generic ; work         ;
;       |register_generic:MDR1|             ; 0 (0)               ; 16 (16)                   ; 0           ; 0          ; 0            ; 0       ; 0         ; 0    ; 0            ; 0          ; |slc3_sramtop|slc3:slc|register_generic:MDR1                                          ; register_generic ; work         ;
;       |register_generic:PC1|              ; 16 (16)             ; 16 (16)                   ; 0           ; 0          ; 0            ; 0       ; 0         ; 0    ; 0            ; 0          ; |slc3_sramtop|slc3:slc|register_generic:PC1                                           ; register_generic ; work         ;
;       |register_generic:regfile[0]|       ; 0 (0)               ; 16 (16)                   ; 0           ; 0          ; 0            ; 0       ; 0         ; 0    ; 0            ; 0          ; |slc3_sramtop|slc3:slc|register_generic:regfile[0]                                    ; register_generic ; work         ;
;       |register_generic:regfile[1]|       ; 0 (0)               ; 16 (16)                   ; 0           ; 0          ; 0            ; 0       ; 0         ; 0    ; 0            ; 0          ; |slc3_sramtop|slc3:slc|register_generic:regfile[1]                                    ; register_generic ; work         ;
;       |register_generic:regfile[2]|       ; 0 (0)               ; 16 (16)                   ; 0           ; 0          ; 0            ; 0       ; 0         ; 0    ; 0            ; 0          ; |slc3_sramtop|slc3:slc|register_generic:regfile[2]                                    ; register_generic ; work         ;
;       |register_generic:regfile[3]|       ; 0 (0)               ; 16 (16)                   ; 0           ; 0          ; 0            ; 0       ; 0         ; 0    ; 0            ; 0          ; |slc3_sramtop|slc3:slc|register_generic:regfile[3]                                    ; register_generic ; work         ;
;       |register_generic:regfile[4]|       ; 0 (0)               ; 16 (16)                   ; 0           ; 0          ; 0            ; 0       ; 0         ; 0    ; 0            ; 0          ; |slc3_sramtop|slc3:slc|register_generic:regfile[4]                                    ; register_generic ; work         ;
;       |register_generic:regfile[5]|       ; 0 (0)               ; 16 (16)                   ; 0           ; 0          ; 0            ; 0       ; 0         ; 0    ; 0            ; 0          ; |slc3_sramtop|slc3:slc|register_generic:regfile[5]                                    ; register_generic ; work         ;
;       |register_generic:regfile[6]|       ; 0 (0)               ; 16 (16)                   ; 0           ; 0          ; 0            ; 0       ; 0         ; 0    ; 0            ; 0          ; |slc3_sramtop|slc3:slc|register_generic:regfile[6]                                    ; register_generic ; work         ;
;       |register_generic:regfile[7]|       ; 0 (0)               ; 16 (16)                   ; 0           ; 0          ; 0            ; 0       ; 0         ; 0    ; 0            ; 0          ; |slc3_sramtop|slc3:slc|register_generic:regfile[7]                                    ; register_generic ; work         ;
;    |sync:button_sync[0]|                  ; 0 (0)               ; 1 (1)                     ; 0           ; 0          ; 0            ; 0       ; 0         ; 0    ; 0            ; 0          ; |slc3_sramtop|sync:button_sync[0]                                                     ; sync             ; work         ;
;    |sync:button_sync[1]|                  ; 0 (0)               ; 1 (1)                     ; 0           ; 0          ; 0            ; 0       ; 0         ; 0    ; 0            ; 0          ; |slc3_sramtop|sync:button_sync[1]                                                     ; sync             ; work         ;
+-------------------------------------------+---------------------+---------------------------+-------------+------------+--------------+---------+-----------+------+--------------+------------+---------------------------------------------------------------------------------------+------------------+--------------+
Note: For table entries with two numbers listed, the numbers in parentheses indicate the number of resources of the given type used by the specific entity alone. The numbers listed outside of parentheses indicate the total resources of the given type used by the specific entity and all of its sub-entities in the hierarchy.


+------------------------------------------------------------------------------------------------------------------------------------------------------------------------------------+
; Analysis & Synthesis RAM Summary                                                                                                                                                   ;
+------------------------------------------------------------------------------------+------+-------------+--------------+--------------+--------------+--------------+-------+------+
; Name                                                                               ; Type ; Mode        ; Port A Depth ; Port A Width ; Port B Depth ; Port B Width ; Size  ; MIF  ;
+------------------------------------------------------------------------------------+------+-------------+--------------+--------------+--------------+--------------+-------+------+
; ram:ram0|altsyncram:altsyncram_component|altsyncram_hag1:auto_generated|ALTSYNCRAM ; M9K  ; Single Port ; 1024         ; 16           ; --           ; --           ; 16384 ; None ;
+------------------------------------------------------------------------------------+------+-------------+--------------+--------------+--------------+--------------+-------+------+


+----------------------------------------------------------------------------------------------------------+
; Analysis & Synthesis IP Cores Summary                                                                    ;
+--------+--------------+---------+--------------+--------------+------------------------+-----------------+
; Vendor ; IP Core Name ; Version ; Release Date ; License Type ; Entity Instance        ; IP Include File ;
+--------+--------------+---------+--------------+--------------+------------------------+-----------------+
; Altera ; RAM: 1-PORT  ; 18.1    ; N/A          ; N/A          ; |slc3_sramtop|ram:ram0 ; ram.v           ;
+--------+--------------+---------+--------------+--------------+------------------------+-----------------+


Encoding Type:  One-Hot
+-------------------------------------------------------------+
; State Machine - |slc3_sramtop|Instantiateram:instaRam|state ;
+-----------------+------------+------------+-----------------+
; Name            ; state.idle ; state.done ; state.mem_write ;
+-----------------+------------+------------+-----------------+
; state.mem_write ; 0          ; 0          ; 0               ;
; state.idle      ; 1          ; 0          ; 1               ;
; state.done      ; 0          ; 1          ; 1               ;
+-----------------+------------+------------+-----------------+


Encoding Type:  One-Hot
+-------------------------------------------------------------------------------------------------------------------------------------------------------------------------------------------------------------------------------------------------------------------------------------------------------------------------------------------------------------------------------------------------------------------------------------+
; State Machine - |slc3_sramtop|slc3:slc|ISDU:state_controller|State                                                                                                                                                                                                                                                                                                                                                                  ;
+----------------+------------+------------+------------+-----------+--------------+--------------+--------------+--------------+------------+-----------+------------+--------------+--------------+--------------+--------------+-----------+-----------+-----------+-----------+------------+------------+--------------+--------------+--------------+--------------+------------+----------------+----------------+--------------+
; Name           ; State.S_22 ; State.S_12 ; State.S_21 ; State.S_4 ; State.S_16_4 ; State.S_16_3 ; State.S_16_2 ; State.S_16_1 ; State.S_23 ; State.S_7 ; State.S_27 ; State.S_25_4 ; State.S_25_3 ; State.S_25_2 ; State.S_25_1 ; State.S_6 ; State.S_9 ; State.S_5 ; State.S_1 ; State.S_32 ; State.S_35 ; State.S_33_4 ; State.S_33_3 ; State.S_33_2 ; State.S_33_1 ; State.S_18 ; State.PauseIR2 ; State.PauseIR1 ; State.Halted ;
+----------------+------------+------------+------------+-----------+--------------+--------------+--------------+--------------+------------+-----------+------------+--------------+--------------+--------------+--------------+-----------+-----------+-----------+-----------+------------+------------+--------------+--------------+--------------+--------------+------------+----------------+----------------+--------------+
; State.Halted   ; 0          ; 0          ; 0          ; 0         ; 0            ; 0            ; 0            ; 0            ; 0          ; 0         ; 0          ; 0            ; 0            ; 0            ; 0            ; 0         ; 0         ; 0         ; 0         ; 0          ; 0          ; 0            ; 0            ; 0            ; 0            ; 0          ; 0              ; 0              ; 0            ;
; State.PauseIR1 ; 0          ; 0          ; 0          ; 0         ; 0            ; 0            ; 0            ; 0            ; 0          ; 0         ; 0          ; 0            ; 0            ; 0            ; 0            ; 0         ; 0         ; 0         ; 0         ; 0          ; 0          ; 0            ; 0            ; 0            ; 0            ; 0          ; 0              ; 1              ; 1            ;
; State.PauseIR2 ; 0          ; 0          ; 0          ; 0         ; 0            ; 0            ; 0            ; 0            ; 0          ; 0         ; 0          ; 0            ; 0            ; 0            ; 0            ; 0         ; 0         ; 0         ; 0         ; 0          ; 0          ; 0            ; 0            ; 0            ; 0            ; 0          ; 1              ; 0              ; 1            ;
; State.S_18     ; 0          ; 0          ; 0          ; 0         ; 0            ; 0            ; 0            ; 0            ; 0          ; 0         ; 0          ; 0            ; 0            ; 0            ; 0            ; 0         ; 0         ; 0         ; 0         ; 0          ; 0          ; 0            ; 0            ; 0            ; 0            ; 1          ; 0              ; 0              ; 1            ;
; State.S_33_1   ; 0          ; 0          ; 0          ; 0         ; 0            ; 0            ; 0            ; 0            ; 0          ; 0         ; 0          ; 0            ; 0            ; 0            ; 0            ; 0         ; 0         ; 0         ; 0         ; 0          ; 0          ; 0            ; 0            ; 0            ; 1            ; 0          ; 0              ; 0              ; 1            ;
; State.S_33_2   ; 0          ; 0          ; 0          ; 0         ; 0            ; 0            ; 0            ; 0            ; 0          ; 0         ; 0          ; 0            ; 0            ; 0            ; 0            ; 0         ; 0         ; 0         ; 0         ; 0          ; 0          ; 0            ; 0            ; 1            ; 0            ; 0          ; 0              ; 0              ; 1            ;
; State.S_33_3   ; 0          ; 0          ; 0          ; 0         ; 0            ; 0            ; 0            ; 0            ; 0          ; 0         ; 0          ; 0            ; 0            ; 0            ; 0            ; 0         ; 0         ; 0         ; 0         ; 0          ; 0          ; 0            ; 1            ; 0            ; 0            ; 0          ; 0              ; 0              ; 1            ;
; State.S_33_4   ; 0          ; 0          ; 0          ; 0         ; 0            ; 0            ; 0            ; 0            ; 0          ; 0         ; 0          ; 0            ; 0            ; 0            ; 0            ; 0         ; 0         ; 0         ; 0         ; 0          ; 0          ; 1            ; 0            ; 0            ; 0            ; 0          ; 0              ; 0              ; 1            ;
; State.S_35     ; 0          ; 0          ; 0          ; 0         ; 0            ; 0            ; 0            ; 0            ; 0          ; 0         ; 0          ; 0            ; 0            ; 0            ; 0            ; 0         ; 0         ; 0         ; 0         ; 0          ; 1          ; 0            ; 0            ; 0            ; 0            ; 0          ; 0              ; 0              ; 1            ;
; State.S_32     ; 0          ; 0          ; 0          ; 0         ; 0            ; 0            ; 0            ; 0            ; 0          ; 0         ; 0          ; 0            ; 0            ; 0            ; 0            ; 0         ; 0         ; 0         ; 0         ; 1          ; 0          ; 0            ; 0            ; 0            ; 0            ; 0          ; 0              ; 0              ; 1            ;
; State.S_1      ; 0          ; 0          ; 0          ; 0         ; 0            ; 0            ; 0            ; 0            ; 0          ; 0         ; 0          ; 0            ; 0            ; 0            ; 0            ; 0         ; 0         ; 0         ; 1         ; 0          ; 0          ; 0            ; 0            ; 0            ; 0            ; 0          ; 0              ; 0              ; 1            ;
; State.S_5      ; 0          ; 0          ; 0          ; 0         ; 0            ; 0            ; 0            ; 0            ; 0          ; 0         ; 0          ; 0            ; 0            ; 0            ; 0            ; 0         ; 0         ; 1         ; 0         ; 0          ; 0          ; 0            ; 0            ; 0            ; 0            ; 0          ; 0              ; 0              ; 1            ;
; State.S_9      ; 0          ; 0          ; 0          ; 0         ; 0            ; 0            ; 0            ; 0            ; 0          ; 0         ; 0          ; 0            ; 0            ; 0            ; 0            ; 0         ; 1         ; 0         ; 0         ; 0          ; 0          ; 0            ; 0            ; 0            ; 0            ; 0          ; 0              ; 0              ; 1            ;
; State.S_6      ; 0          ; 0          ; 0          ; 0         ; 0            ; 0            ; 0            ; 0            ; 0          ; 0         ; 0          ; 0            ; 0            ; 0            ; 0            ; 1         ; 0         ; 0         ; 0         ; 0          ; 0          ; 0            ; 0            ; 0            ; 0            ; 0          ; 0              ; 0              ; 1            ;
; State.S_25_1   ; 0          ; 0          ; 0          ; 0         ; 0            ; 0            ; 0            ; 0            ; 0          ; 0         ; 0          ; 0            ; 0            ; 0            ; 1            ; 0         ; 0         ; 0         ; 0         ; 0          ; 0          ; 0            ; 0            ; 0            ; 0            ; 0          ; 0              ; 0              ; 1            ;
; State.S_25_2   ; 0          ; 0          ; 0          ; 0         ; 0            ; 0            ; 0            ; 0            ; 0          ; 0         ; 0          ; 0            ; 0            ; 1            ; 0            ; 0         ; 0         ; 0         ; 0         ; 0          ; 0          ; 0            ; 0            ; 0            ; 0            ; 0          ; 0              ; 0              ; 1            ;
; State.S_25_3   ; 0          ; 0          ; 0          ; 0         ; 0            ; 0            ; 0            ; 0            ; 0          ; 0         ; 0          ; 0            ; 1            ; 0            ; 0            ; 0         ; 0         ; 0         ; 0         ; 0          ; 0          ; 0            ; 0            ; 0            ; 0            ; 0          ; 0              ; 0              ; 1            ;
; State.S_25_4   ; 0          ; 0          ; 0          ; 0         ; 0            ; 0            ; 0            ; 0            ; 0          ; 0         ; 0          ; 1            ; 0            ; 0            ; 0            ; 0         ; 0         ; 0         ; 0         ; 0          ; 0          ; 0            ; 0            ; 0            ; 0            ; 0          ; 0              ; 0              ; 1            ;
; State.S_27     ; 0          ; 0          ; 0          ; 0         ; 0            ; 0            ; 0            ; 0            ; 0          ; 0         ; 1          ; 0            ; 0            ; 0            ; 0            ; 0         ; 0         ; 0         ; 0         ; 0          ; 0          ; 0            ; 0            ; 0            ; 0            ; 0          ; 0              ; 0              ; 1            ;
; State.S_7      ; 0          ; 0          ; 0          ; 0         ; 0            ; 0            ; 0            ; 0            ; 0          ; 1         ; 0          ; 0            ; 0            ; 0            ; 0            ; 0         ; 0         ; 0         ; 0         ; 0          ; 0          ; 0            ; 0            ; 0            ; 0            ; 0          ; 0              ; 0              ; 1            ;
; State.S_23     ; 0          ; 0          ; 0          ; 0         ; 0            ; 0            ; 0            ; 0            ; 1          ; 0         ; 0          ; 0            ; 0            ; 0            ; 0            ; 0         ; 0         ; 0         ; 0         ; 0          ; 0          ; 0            ; 0            ; 0            ; 0            ; 0          ; 0              ; 0              ; 1            ;
; State.S_16_1   ; 0          ; 0          ; 0          ; 0         ; 0            ; 0            ; 0            ; 1            ; 0          ; 0         ; 0          ; 0            ; 0            ; 0            ; 0            ; 0         ; 0         ; 0         ; 0         ; 0          ; 0          ; 0            ; 0            ; 0            ; 0            ; 0          ; 0              ; 0              ; 1            ;
; State.S_16_2   ; 0          ; 0          ; 0          ; 0         ; 0            ; 0            ; 1            ; 0            ; 0          ; 0         ; 0          ; 0            ; 0            ; 0            ; 0            ; 0         ; 0         ; 0         ; 0         ; 0          ; 0          ; 0            ; 0            ; 0            ; 0            ; 0          ; 0              ; 0              ; 1            ;
; State.S_16_3   ; 0          ; 0          ; 0          ; 0         ; 0            ; 1            ; 0            ; 0            ; 0          ; 0         ; 0          ; 0            ; 0            ; 0            ; 0            ; 0         ; 0         ; 0         ; 0         ; 0          ; 0          ; 0            ; 0            ; 0            ; 0            ; 0          ; 0              ; 0              ; 1            ;
; State.S_16_4   ; 0          ; 0          ; 0          ; 0         ; 1            ; 0            ; 0            ; 0            ; 0          ; 0         ; 0          ; 0            ; 0            ; 0            ; 0            ; 0         ; 0         ; 0         ; 0         ; 0          ; 0          ; 0            ; 0            ; 0            ; 0            ; 0          ; 0              ; 0              ; 1            ;
; State.S_4      ; 0          ; 0          ; 0          ; 1         ; 0            ; 0            ; 0            ; 0            ; 0          ; 0         ; 0          ; 0            ; 0            ; 0            ; 0            ; 0         ; 0         ; 0         ; 0         ; 0          ; 0          ; 0            ; 0            ; 0            ; 0            ; 0          ; 0              ; 0              ; 1            ;
; State.S_21     ; 0          ; 0          ; 1          ; 0         ; 0            ; 0            ; 0            ; 0            ; 0          ; 0         ; 0          ; 0            ; 0            ; 0            ; 0            ; 0         ; 0         ; 0         ; 0         ; 0          ; 0          ; 0            ; 0            ; 0            ; 0            ; 0          ; 0              ; 0              ; 1            ;
; State.S_12     ; 0          ; 1          ; 0          ; 0         ; 0            ; 0            ; 0            ; 0            ; 0          ; 0         ; 0          ; 0            ; 0            ; 0            ; 0            ; 0         ; 0         ; 0         ; 0         ; 0          ; 0          ; 0            ; 0            ; 0            ; 0            ; 0          ; 0              ; 0              ; 1            ;
; State.S_22     ; 1          ; 0          ; 0          ; 0         ; 0            ; 0            ; 0            ; 0            ; 0          ; 0         ; 0          ; 0            ; 0            ; 0            ; 0            ; 0         ; 0         ; 0         ; 0         ; 0          ; 0          ; 0            ; 0            ; 0            ; 0            ; 0          ; 0              ; 0              ; 1            ;
+----------------+------------+------------+------------+-----------+--------------+--------------+--------------+--------------+------------+-----------+------------+--------------+--------------+--------------+--------------+-----------+-----------+-----------+-----------+------------+------------+--------------+--------------+--------------+--------------+------------+----------------+----------------+--------------+


+-------------------------------------------------------------+
; Registers Removed During Synthesis                          ;
+----------------------------------------+--------------------+
; Register name                          ; Reason for Removal ;
+----------------------------------------+--------------------+
; Instantiateram:instaRam|state.idle     ; Lost fanout        ;
; Instantiateram:instaRam|state.done     ; Lost fanout        ;
; slc3:slc|ISDU:state_controller|State~2 ; Lost fanout        ;
; slc3:slc|ISDU:state_controller|State~3 ; Lost fanout        ;
; slc3:slc|ISDU:state_controller|State~4 ; Lost fanout        ;
; slc3:slc|ISDU:state_controller|State~5 ; Lost fanout        ;
; slc3:slc|ISDU:state_controller|State~6 ; Lost fanout        ;
; Total Number of Removed Registers = 7  ;                    ;
+----------------------------------------+--------------------+


+------------------------------------------------------+
; General Register Statistics                          ;
+----------------------------------------------+-------+
; Statistic                                    ; Value ;
+----------------------------------------------+-------+
; Total registers                              ; 260   ;
; Number of registers using Synchronous Clear  ; 16    ;
; Number of registers using Synchronous Load   ; 16    ;
; Number of registers using Asynchronous Clear ; 17    ;
; Number of registers using Asynchronous Load  ; 0     ;
; Number of registers using Clock Enable       ; 226   ;
; Number of registers using Preset             ; 0     ;
+----------------------------------------------+-------+


+--------------------------------------------------------------------------------------------------------------------------------------------------------------------------+
; Multiplexer Restructuring Statistics (Restructuring Performed)                                                                                                           ;
+--------------------+-----------+---------------+----------------------+------------------------+------------+------------------------------------------------------------+
; Multiplexer Inputs ; Bus Width ; Baseline Area ; Area if Restructured ; Saving if Restructured ; Registered ; Example Multiplexer Output                                 ;
+--------------------+-----------+---------------+----------------------+------------------------+------------+------------------------------------------------------------+
; 3:1                ; 16 bits   ; 32 LEs        ; 16 LEs               ; 16 LEs                 ; Yes        ; |slc3_sramtop|slc3:slc|Mem2IO:memory_subsystem|hex_data[7] ;
; 4:1                ; 16 bits   ; 32 LEs        ; 32 LEs               ; 0 LEs                  ; Yes        ; |slc3_sramtop|slc3:slc|register_generic:PC1|data_reg[5]    ;
; 4:1                ; 6 bits    ; 12 LEs        ; 12 LEs               ; 0 LEs                  ; Yes        ; |slc3_sramtop|slc3:slc|register_generic:MDR1|data_reg[12]  ;
; 4:1                ; 10 bits   ; 20 LEs        ; 20 LEs               ; 0 LEs                  ; Yes        ; |slc3_sramtop|slc3:slc|register_generic:MDR1|data_reg[0]   ;
; 3:1                ; 2 bits    ; 4 LEs         ; 4 LEs                ; 0 LEs                  ; No         ; |slc3_sramtop|slc3:slc|Mux48                               ;
; 8:1                ; 16 bits   ; 80 LEs        ; 80 LEs               ; 0 LEs                  ; No         ; |slc3_sramtop|slc3:slc|Mux27                               ;
; 9:1                ; 16 bits   ; 96 LEs        ; 96 LEs               ; 0 LEs                  ; No         ; |slc3_sramtop|slc3:slc|ALU:Arithmetic|B[4]                 ;
; 7:1                ; 16 bits   ; 64 LEs        ; 64 LEs               ; 0 LEs                  ; No         ; |slc3_sramtop|slc3:slc|datapath:d0|DataBus[3]              ;
+--------------------+-----------+---------------+----------------------+------------------------+------------+------------------------------------------------------------+


+------------------------------------------------------------------------------------------------+
; Source assignments for ram:ram0|altsyncram:altsyncram_component|altsyncram_hag1:auto_generated ;
+---------------------------------+--------------------+------+----------------------------------+
; Assignment                      ; Value              ; From ; To                               ;
+---------------------------------+--------------------+------+----------------------------------+
; OPTIMIZE_POWER_DURING_SYNTHESIS ; NORMAL_COMPILATION ; -    ; -                                ;
+---------------------------------+--------------------+------+----------------------------------+


+---------------------------------------------------------------------------------------+
; Parameter Settings for User Entity Instance: ram:ram0|altsyncram:altsyncram_component ;
+------------------------------------+----------------------+---------------------------+
; Parameter Name                     ; Value                ; Type                      ;
+------------------------------------+----------------------+---------------------------+
; BYTE_SIZE_BLOCK                    ; 8                    ; Untyped                   ;
; AUTO_CARRY_CHAINS                  ; ON                   ; AUTO_CARRY                ;
; IGNORE_CARRY_BUFFERS               ; OFF                  ; IGNORE_CARRY              ;
; AUTO_CASCADE_CHAINS                ; ON                   ; AUTO_CASCADE              ;
; IGNORE_CASCADE_BUFFERS             ; OFF                  ; IGNORE_CASCADE            ;
; WIDTH_BYTEENA                      ; 1                    ; Untyped                   ;
; OPERATION_MODE                     ; SINGLE_PORT          ; Untyped                   ;
; WIDTH_A                            ; 16                   ; Signed Integer            ;
; WIDTHAD_A                          ; 10                   ; Signed Integer            ;
; NUMWORDS_A                         ; 1024                 ; Signed Integer            ;
; OUTDATA_REG_A                      ; CLOCK0               ; Untyped                   ;
; ADDRESS_ACLR_A                     ; NONE                 ; Untyped                   ;
; OUTDATA_ACLR_A                     ; NONE                 ; Untyped                   ;
; WRCONTROL_ACLR_A                   ; NONE                 ; Untyped                   ;
; INDATA_ACLR_A                      ; NONE                 ; Untyped                   ;
; BYTEENA_ACLR_A                     ; NONE                 ; Untyped                   ;
; WIDTH_B                            ; 1                    ; Untyped                   ;
; WIDTHAD_B                          ; 1                    ; Untyped                   ;
; NUMWORDS_B                         ; 1                    ; Untyped                   ;
; INDATA_REG_B                       ; CLOCK1               ; Untyped                   ;
; WRCONTROL_WRADDRESS_REG_B          ; CLOCK1               ; Untyped                   ;
; RDCONTROL_REG_B                    ; CLOCK1               ; Untyped                   ;
; ADDRESS_REG_B                      ; CLOCK1               ; Untyped                   ;
; OUTDATA_REG_B                      ; UNREGISTERED         ; Untyped                   ;
; BYTEENA_REG_B                      ; CLOCK1               ; Untyped                   ;
; INDATA_ACLR_B                      ; NONE                 ; Untyped                   ;
; WRCONTROL_ACLR_B                   ; NONE                 ; Untyped                   ;
; ADDRESS_ACLR_B                     ; NONE                 ; Untyped                   ;
; OUTDATA_ACLR_B                     ; NONE                 ; Untyped                   ;
; RDCONTROL_ACLR_B                   ; NONE                 ; Untyped                   ;
; BYTEENA_ACLR_B                     ; NONE                 ; Untyped                   ;
; WIDTH_BYTEENA_A                    ; 1                    ; Signed Integer            ;
; WIDTH_BYTEENA_B                    ; 1                    ; Untyped                   ;
; RAM_BLOCK_TYPE                     ; M9K                  ; Untyped                   ;
; BYTE_SIZE                          ; 8                    ; Untyped                   ;
; READ_DURING_WRITE_MODE_MIXED_PORTS ; DONT_CARE            ; Untyped                   ;
; READ_DURING_WRITE_MODE_PORT_A      ; DONT_CARE            ; Untyped                   ;
; READ_DURING_WRITE_MODE_PORT_B      ; NEW_DATA_NO_NBE_READ ; Untyped                   ;
; INIT_FILE                          ; UNUSED               ; Untyped                   ;
; INIT_FILE_LAYOUT                   ; PORT_A               ; Untyped                   ;
; MAXIMUM_DEPTH                      ; 0                    ; Untyped                   ;
; CLOCK_ENABLE_INPUT_A               ; BYPASS               ; Untyped                   ;
; CLOCK_ENABLE_INPUT_B               ; NORMAL               ; Untyped                   ;
; CLOCK_ENABLE_OUTPUT_A              ; BYPASS               ; Untyped                   ;
; CLOCK_ENABLE_OUTPUT_B              ; NORMAL               ; Untyped                   ;
; CLOCK_ENABLE_CORE_A                ; USE_INPUT_CLKEN      ; Untyped                   ;
; CLOCK_ENABLE_CORE_B                ; USE_INPUT_CLKEN      ; Untyped                   ;
; ENABLE_ECC                         ; FALSE                ; Untyped                   ;
; ECC_PIPELINE_STAGE_ENABLED         ; FALSE                ; Untyped                   ;
; WIDTH_ECCSTATUS                    ; 3                    ; Untyped                   ;
; DEVICE_FAMILY                      ; MAX 10               ; Untyped                   ;
; CBXI_PARAMETER                     ; altsyncram_hag1      ; Untyped                   ;
+------------------------------------+----------------------+---------------------------+
Note: In order to hide this table in the UI and the text report file, please set the "Show Parameter Settings in Synthesis Report" option in "Analysis and Synthesis Settings -> More Settings" to "Off".


+--------------------------------------------------------------------------------------+
; altsyncram Parameter Settings by Entity Instance                                     ;
+-------------------------------------------+------------------------------------------+
; Name                                      ; Value                                    ;
+-------------------------------------------+------------------------------------------+
; Number of entity instances                ; 1                                        ;
; Entity Instance                           ; ram:ram0|altsyncram:altsyncram_component ;
;     -- OPERATION_MODE                     ; SINGLE_PORT                              ;
;     -- WIDTH_A                            ; 16                                       ;
;     -- NUMWORDS_A                         ; 1024                                     ;
;     -- OUTDATA_REG_A                      ; CLOCK0                                   ;
;     -- WIDTH_B                            ; 1                                        ;
;     -- NUMWORDS_B                         ; 1                                        ;
;     -- ADDRESS_REG_B                      ; CLOCK1                                   ;
;     -- OUTDATA_REG_B                      ; UNREGISTERED                             ;
;     -- RAM_BLOCK_TYPE                     ; M9K                                      ;
;     -- READ_DURING_WRITE_MODE_MIXED_PORTS ; DONT_CARE                                ;
+-------------------------------------------+------------------------------------------+


+------------------------------------------------------------------------------------------------------------------------+
; Port Connectivity Checks: "Instantiateram:instaRam"                                                                    ;
+--------------+--------+----------+-------------------------------------------------------------------------------------+
; Port         ; Type   ; Severity ; Details                                                                             ;
+--------------+--------+----------+-------------------------------------------------------------------------------------+
; ADDR[15..10] ; Output ; Info     ; Connected to dangling logic. Logic that only feeds a dangling port will be removed. ;
+--------------+--------+----------+-------------------------------------------------------------------------------------+


+------------------------------------------------------------------------------------------------------------------+
; Port Connectivity Checks: "slc3:slc|ISDU:state_controller"                                                       ;
+--------+--------+----------+-------------------------------------------------------------------------------------+
; Port   ; Type   ; Severity ; Details                                                                             ;
+--------+--------+----------+-------------------------------------------------------------------------------------+
; LD_LED ; Output ; Info     ; Connected to dangling logic. Logic that only feeds a dangling port will be removed. ;
+--------+--------+----------+-------------------------------------------------------------------------------------+


+------------------------------------------------------------------------------------------------------------------------+
; Port Connectivity Checks: "slc3:slc"                                                                                   ;
+--------------+--------+----------+-------------------------------------------------------------------------------------+
; Port         ; Type   ; Severity ; Details                                                                             ;
+--------------+--------+----------+-------------------------------------------------------------------------------------+
; ADDR[15..10] ; Output ; Info     ; Connected to dangling logic. Logic that only feeds a dangling port will be removed. ;
+--------------+--------+----------+-------------------------------------------------------------------------------------+


+-----------------------------------------------------+
; Post-Synthesis Netlist Statistics for Top Partition ;
+-----------------------+-----------------------------+
; Type                  ; Count                       ;
+-----------------------+-----------------------------+
; boundary_port         ; 51                          ;
; cycloneiii_ff         ; 260                         ;
;     CLR               ; 2                           ;
;     ENA               ; 195                         ;
;     ENA CLR           ; 15                          ;
;     ENA SCLR SLD      ; 16                          ;
;     plain             ; 32                          ;
; cycloneiii_lcell_comb ; 810                         ;
;     arith             ; 59                          ;
;         2 data inputs ; 28                          ;
;         3 data inputs ; 31                          ;
;     normal            ; 751                         ;
;         0 data inputs ; 1                           ;
;         1 data inputs ; 6                           ;
;         2 data inputs ; 30                          ;
;         3 data inputs ; 157                         ;
;         4 data inputs ; 557                         ;
; cycloneiii_ram_block  ; 16                          ;
;                       ;                             ;
; Max LUT depth         ; 13.80                       ;
; Average LUT depth     ; 8.46                        ;
+-----------------------+-----------------------------+


+-------------------------------+
; Elapsed Time Per Partition    ;
+----------------+--------------+
; Partition Name ; Elapsed Time ;
+----------------+--------------+
; Top            ; 00:00:05     ;
+----------------+--------------+


+-------------------------------+
; Analysis & Synthesis Messages ;
+-------------------------------+
Info: *******************************************************************
Info: Running Quartus Prime Analysis & Synthesis
    Info: Version 18.1.0 Build 625 09/12/2018 SJ Lite Edition
    Info: Processing started: Mon Oct 18 04:26:25 2021
Info: Command: quartus_map --read_settings_files=on --write_settings_files=off Lab5 -c Lab5
Warning (18236): Number of processors has not been specified which may cause overloading on shared machines.  Set the global assignment NUM_PARALLEL_PROCESSORS in your QSF to an appropriate value for best performance.
Info (20030): Parallel compilation is enabled and will use 2 of the 2 processors detected
Info (12021): Found 1 design units, including 1 entities, in source file testbench.sv
    Info (12023): Found entity 1: testbench File: C:/Users/sdimo_000/OneDrive/Documents/Desktop/lab5/ECE-385/Lab 5/testbench.sv Line: 1
Warning (10261): Verilog HDL Event Control warning at MEM.sv(16): Event Control contains a complex event expression File: C:/Users/sdimo_000/OneDrive/Documents/Desktop/lab5/ECE-385/Lab 5/MEM.sv Line: 16
Warning (10261): Verilog HDL Event Control warning at MEM.sv(31): Event Control contains a complex event expression File: C:/Users/sdimo_000/OneDrive/Documents/Desktop/lab5/ECE-385/Lab 5/MEM.sv Line: 31
Info (12021): Found 1 design units, including 1 entities, in source file mem.sv
    Info (12023): Found entity 1: MDR_M File: C:/Users/sdimo_000/OneDrive/Documents/Desktop/lab5/ECE-385/Lab 5/MEM.sv Line: 1
Info (12021): Found 1 design units, including 1 entities, in source file hexdriver.sv
    Info (12023): Found entity 1: HexDriver File: C:/Users/sdimo_000/OneDrive/Documents/Desktop/lab5/ECE-385/Lab 5/HexDriver.sv Line: 1
Info (12021): Found 1 design units, including 1 entities, in source file test_memory.sv
    Info (12023): Found entity 1: test_memory File: C:/Users/sdimo_000/OneDrive/Documents/Desktop/lab5/ECE-385/Lab 5/test_memory.sv Line: 26
Info (12021): Found 3 design units, including 3 entities, in source file synchronizers.sv
    Info (12023): Found entity 1: sync File: C:/Users/sdimo_000/OneDrive/Documents/Desktop/lab5/ECE-385/Lab 5/synchronizers.sv Line: 7
    Info (12023): Found entity 2: sync_r0 File: C:/Users/sdimo_000/OneDrive/Documents/Desktop/lab5/ECE-385/Lab 5/synchronizers.sv Line: 21
    Info (12023): Found entity 3: sync_r1 File: C:/Users/sdimo_000/OneDrive/Documents/Desktop/lab5/ECE-385/Lab 5/synchronizers.sv Line: 42
Info (12021): Found 1 design units, including 1 entities, in source file slc3_testtop.sv
    Info (12023): Found entity 1: slc3_testtop File: C:/Users/sdimo_000/OneDrive/Documents/Desktop/lab5/ECE-385/Lab 5/slc3_testtop.sv Line: 4
Info (12021): Found 1 design units, including 1 entities, in source file slc3_sramtop.sv
    Info (12023): Found entity 1: slc3_sramtop File: C:/Users/sdimo_000/OneDrive/Documents/Desktop/lab5/ECE-385/Lab 5/slc3_sramtop.sv Line: 5
Info (12021): Found 1 design units, including 0 entities, in source file slc3_2.sv
    Info (12022): Found design unit 1: SLC3_2 (SystemVerilog) File: C:/Users/sdimo_000/OneDrive/Documents/Desktop/lab5/ECE-385/Lab 5/SLC3_2.sv Line: 24
Info (12021): Found 1 design units, including 1 entities, in source file slc3.sv
    Info (12023): Found entity 1: slc3 File: C:/Users/sdimo_000/OneDrive/Documents/Desktop/lab5/ECE-385/Lab 5/slc3.sv Line: 20
Info (12021): Found 1 design units, including 1 entities, in source file memory_contents.sv
    Info (12023): Found entity 1: memory_parser File: C:/Users/sdimo_000/OneDrive/Documents/Desktop/lab5/ECE-385/Lab 5/memory_contents.sv Line: 18
Info (12021): Found 1 design units, including 1 entities, in source file mem2io.sv
    Info (12023): Found entity 1: Mem2IO File: C:/Users/sdimo_000/OneDrive/Documents/Desktop/lab5/ECE-385/Lab 5/Mem2IO.sv Line: 16
Info (12021): Found 1 design units, including 1 entities, in source file isdu.sv
    Info (12023): Found entity 1: ISDU File: C:/Users/sdimo_000/OneDrive/Documents/Desktop/lab5/ECE-385/Lab 5/ISDU.sv Line: 19
Info (12021): Found 1 design units, including 1 entities, in source file instantiateram.sv
    Info (12023): Found entity 1: Instantiateram File: C:/Users/sdimo_000/OneDrive/Documents/Desktop/lab5/ECE-385/Lab 5/Instantiateram.sv Line: 18
Info (12021): Found 1 design units, including 1 entities, in source file datapath.sv
    Info (12023): Found entity 1: datapath File: C:/Users/sdimo_000/OneDrive/Documents/Desktop/lab5/ECE-385/Lab 5/datapath.sv Line: 3
Info (12021): Found 1 design units, including 1 entities, in source file programcounter.sv
    Info (12023): Found entity 1: ProgramCounter File: C:/Users/sdimo_000/OneDrive/Documents/Desktop/lab5/ECE-385/Lab 5/ProgramCounter.sv Line: 1
Info (12021): Found 1 design units, including 1 entities, in source file ram.v
    Info (12023): Found entity 1: ram File: C:/Users/sdimo_000/OneDrive/Documents/Desktop/lab5/ECE-385/Lab 5/ram.v Line: 39
Info (12021): Found 1 design units, including 1 entities, in source file ir.sv
    Info (12023): Found entity 1: IR File: C:/Users/sdimo_000/OneDrive/Documents/Desktop/lab5/ECE-385/Lab 5/IR.sv Line: 1
Info (12021): Found 1 design units, including 1 entities, in source file isdu_testbench.sv
    Info (12023): Found entity 1: testbench_ISDU File: C:/Users/sdimo_000/OneDrive/Documents/Desktop/lab5/ECE-385/Lab 5/ISDU_testbench.sv Line: 1
Info (12021): Found 1 design units, including 1 entities, in source file register_generic.sv
    Info (12023): Found entity 1: register_generic File: C:/Users/sdimo_000/OneDrive/Documents/Desktop/lab5/ECE-385/Lab 5/register_generic.sv Line: 1
Info (12021): Found 1 design units, including 1 entities, in source file alu.sv
    Info (12023): Found entity 1: ALU File: C:/Users/sdimo_000/OneDrive/Documents/Desktop/lab5/ECE-385/Lab 5/ALU.sv Line: 1
Info (12127): Elaborating entity "slc3_sramtop" for the top level hierarchy
Info (12128): Elaborating entity "sync" for hierarchy "sync:button_sync[0]" File: C:/Users/sdimo_000/OneDrive/Documents/Desktop/lab5/ECE-385/Lab 5/slc3_sramtop.sv Line: 16
Info (12128): Elaborating entity "slc3" for hierarchy "slc3:slc" File: C:/Users/sdimo_000/OneDrive/Documents/Desktop/lab5/ECE-385/Lab 5/slc3_sramtop.sv Line: 60
Warning (10034): Output port "LED" at slc3.sv(23) has no driver File: C:/Users/sdimo_000/OneDrive/Documents/Desktop/lab5/ECE-385/Lab 5/slc3.sv Line: 23
Info (12128): Elaborating entity "HexDriver" for hierarchy "slc3:slc|HexDriver:hex_drivers[0]" File: C:/Users/sdimo_000/OneDrive/Documents/Desktop/lab5/ECE-385/Lab 5/slc3.sv Line: 38
Info (12128): Elaborating entity "datapath" for hierarchy "slc3:slc|datapath:d0" File: C:/Users/sdimo_000/OneDrive/Documents/Desktop/lab5/ECE-385/Lab 5/slc3.sv Line: 74
Info (12128): Elaborating entity "Mem2IO" for hierarchy "slc3:slc|Mem2IO:memory_subsystem" File: C:/Users/sdimo_000/OneDrive/Documents/Desktop/lab5/ECE-385/Lab 5/slc3.sv Line: 88
Info (12128): Elaborating entity "ISDU" for hierarchy "slc3:slc|ISDU:state_controller" File: C:/Users/sdimo_000/OneDrive/Documents/Desktop/lab5/ECE-385/Lab 5/slc3.sv Line: 101
Info (12128): Elaborating entity "ALU" for hierarchy "slc3:slc|ALU:Arithmetic" File: C:/Users/sdimo_000/OneDrive/Documents/Desktop/lab5/ECE-385/Lab 5/slc3.sv Line: 111
Info (12128): Elaborating entity "register_generic" for hierarchy "slc3:slc|register_generic:IR1" File: C:/Users/sdimo_000/OneDrive/Documents/Desktop/lab5/ECE-385/Lab 5/slc3.sv Line: 143
Info (12128): Elaborating entity "Instantiateram" for hierarchy "Instantiateram:instaRam" File: C:/Users/sdimo_000/OneDrive/Documents/Desktop/lab5/ECE-385/Lab 5/slc3_sramtop.sv Line: 62
Warning (10230): Verilog HDL assignment warning at Instantiateram.sv(51): truncated value with size 32 to match size of target (16) File: C:/Users/sdimo_000/OneDrive/Documents/Desktop/lab5/ECE-385/Lab 5/Instantiateram.sv Line: 51
Warning (10230): Verilog HDL assignment warning at SLC3_2.sv(119): truncated value with size 32 to match size of target (5) File: C:/Users/sdimo_000/OneDrive/Documents/Desktop/lab5/ECE-385/Lab 5/SLC3_2.sv Line: 119
Info (12128): Elaborating entity "ram" for hierarchy "ram:ram0" File: C:/Users/sdimo_000/OneDrive/Documents/Desktop/lab5/ECE-385/Lab 5/slc3_sramtop.sv Line: 65
Info (12128): Elaborating entity "altsyncram" for hierarchy "ram:ram0|altsyncram:altsyncram_component" File: C:/Users/sdimo_000/OneDrive/Documents/Desktop/lab5/ECE-385/Lab 5/ram.v Line: 88
Info (12130): Elaborated megafunction instantiation "ram:ram0|altsyncram:altsyncram_component" File: C:/Users/sdimo_000/OneDrive/Documents/Desktop/lab5/ECE-385/Lab 5/ram.v Line: 88
Info (12133): Instantiated megafunction "ram:ram0|altsyncram:altsyncram_component" with the following parameter: File: C:/Users/sdimo_000/OneDrive/Documents/Desktop/lab5/ECE-385/Lab 5/ram.v Line: 88
    Info (12134): Parameter "clock_enable_input_a" = "BYPASS"
    Info (12134): Parameter "clock_enable_output_a" = "BYPASS"
    Info (12134): Parameter "intended_device_family" = "MAX 10"
    Info (12134): Parameter "lpm_hint" = "ENABLE_RUNTIME_MOD=NO"
    Info (12134): Parameter "lpm_type" = "altsyncram"
    Info (12134): Parameter "numwords_a" = "1024"
    Info (12134): Parameter "operation_mode" = "SINGLE_PORT"
    Info (12134): Parameter "outdata_aclr_a" = "NONE"
    Info (12134): Parameter "outdata_reg_a" = "CLOCK0"
    Info (12134): Parameter "power_up_uninitialized" = "FALSE"
    Info (12134): Parameter "ram_block_type" = "M9K"
    Info (12134): Parameter "read_during_write_mode_port_a" = "DONT_CARE"
    Info (12134): Parameter "widthad_a" = "10"
    Info (12134): Parameter "width_a" = "16"
    Info (12134): Parameter "width_byteena_a" = "1"
Info (12021): Found 1 design units, including 1 entities, in source file db/altsyncram_hag1.tdf
    Info (12023): Found entity 1: altsyncram_hag1 File: C:/Users/sdimo_000/OneDrive/Documents/Desktop/lab5/ECE-385/Lab 5/db/altsyncram_hag1.tdf Line: 27
Info (12128): Elaborating entity "altsyncram_hag1" for hierarchy "ram:ram0|altsyncram:altsyncram_component|altsyncram_hag1:auto_generated" File: c:/intelfpga_lite/18.1/quartus/libraries/megafunctions/altsyncram.tdf Line: 791
Warning (13024): Output pins are stuck at VCC or GND
    Warning (13410): Pin "LED[0]" is stuck at GND File: C:/Users/sdimo_000/OneDrive/Documents/Desktop/lab5/ECE-385/Lab 5/slc3_sramtop.sv Line: 8
    Warning (13410): Pin "LED[1]" is stuck at GND File: C:/Users/sdimo_000/OneDrive/Documents/Desktop/lab5/ECE-385/Lab 5/slc3_sramtop.sv Line: 8
    Warning (13410): Pin "LED[2]" is stuck at GND File: C:/Users/sdimo_000/OneDrive/Documents/Desktop/lab5/ECE-385/Lab 5/slc3_sramtop.sv Line: 8
    Warning (13410): Pin "LED[3]" is stuck at GND File: C:/Users/sdimo_000/OneDrive/Documents/Desktop/lab5/ECE-385/Lab 5/slc3_sramtop.sv Line: 8
    Warning (13410): Pin "LED[4]" is stuck at GND File: C:/Users/sdimo_000/OneDrive/Documents/Desktop/lab5/ECE-385/Lab 5/slc3_sramtop.sv Line: 8
    Warning (13410): Pin "LED[5]" is stuck at GND File: C:/Users/sdimo_000/OneDrive/Documents/Desktop/lab5/ECE-385/Lab 5/slc3_sramtop.sv Line: 8
    Warning (13410): Pin "LED[6]" is stuck at GND File: C:/Users/sdimo_000/OneDrive/Documents/Desktop/lab5/ECE-385/Lab 5/slc3_sramtop.sv Line: 8
    Warning (13410): Pin "LED[7]" is stuck at GND File: C:/Users/sdimo_000/OneDrive/Documents/Desktop/lab5/ECE-385/Lab 5/slc3_sramtop.sv Line: 8
    Warning (13410): Pin "LED[8]" is stuck at GND File: C:/Users/sdimo_000/OneDrive/Documents/Desktop/lab5/ECE-385/Lab 5/slc3_sramtop.sv Line: 8
    Warning (13410): Pin "LED[9]" is stuck at GND File: C:/Users/sdimo_000/OneDrive/Documents/Desktop/lab5/ECE-385/Lab 5/slc3_sramtop.sv Line: 8
Info (286030): Timing-Driven Synthesis is running
Info (17049): 7 registers lost all their fanouts during netlist optimizations.
Info (144001): Generated suppressed messages file C:/Users/sdimo_000/OneDrive/Documents/Desktop/lab5/ECE-385/Lab 5/output_files/Lab5.map.smsg
Info (16010): Generating hard_block partition "hard_block:auto_generated_inst"
    Info (16011): Adding 0 node(s), including 0 DDIO, 0 PLL, 0 transceiver and 0 LCELL
Info (21057): Implemented 1035 device resources after synthesis - the final resource count might be different
    Info (21058): Implemented 13 input pins
    Info (21059): Implemented 38 output pins
    Info (21061): Implemented 968 logic cells
    Info (21064): Implemented 16 RAM segments
Info: Quartus Prime Analysis & Synthesis was successful. 0 errors, 17 warnings
    Info: Peak virtual memory: 4758 megabytes
    Info: Processing ended: Mon Oct 18 04:26:55 2021
    Info: Elapsed time: 00:00:30
    Info: Total CPU time (on all processors): 00:00:49


+------------------------------------------+
; Analysis & Synthesis Suppressed Messages ;
+------------------------------------------+
The suppressed messages can be found in C:/Users/sdimo_000/OneDrive/Documents/Desktop/lab5/ECE-385/Lab 5/output_files/Lab5.map.smsg.


