16:34:04 **** Incremental Build of configuration Nios II for project GuitarHero ****
make all 
Info: Building ../GuitarHero_bsp/
C:/intelFPGA_lite/18.1/nios2eds/bin/gnu/H-x86_64-mingw32/bin/make --no-print-directory -C ../GuitarHero_bsp/
[BSP build complete]
Info: Compiling main.c to obj/default/main.o
nios2-elf-gcc -xc -MP -MMD -c -I../GuitarHero_bsp//HAL/inc -I../GuitarHero_bsp/ -I../GuitarHero_bsp//drivers/inc  -pipe -D__hal__ -DALT_NO_INSTRUCTION_EMULATION -DALT_SINGLE_THREADED    -O0 -g -Wall   -mno-hw-div -mno-hw-mul -mno-hw-mulx -mgpopt=global  -o obj/default/main.o main.c
In file included from main.c:5:0:
../GuitarHero_bsp/system.h:563:30: warning: initialization makes pointer from integer without a cast [-Wint-conversion]
 #define VGA_ATTEMPT_3_0_BASE 0x2000
                              ^
text_mode_vga_color.h:38:52: note: in expansion of macro 'VGA_ATTEMPT_3_0_BASE'
 static volatile struct TEXT_VGA_STRUCT* vga_ctrl = VGA_ATTEMPT_3_0_BASE;
                                                    ^
main.c: In function 'main':
main.c:25:3: warning: implicit declaration of function 'usleep' [-Wimplicit-function-declaration]
   usleep (5000);
   ^
main.c:18:13: warning: variable 'bg' set but not used [-Wunused-but-set-variable]
     int fg, bg, x, y;
             ^
main.c:18:9: warning: variable 'fg' set but not used [-Wunused-but-set-variable]
     int fg, bg, x, y;
         ^
In file included from main.c:11:0:
main.c: At top level:
text_mode_vga_color.h:38:41: warning: 'vga_ctrl' defined but not used [-Wunused-variable]
 static volatile struct TEXT_VGA_STRUCT* vga_ctrl = VGA_ATTEMPT_3_0_BASE;
                                         ^
text_mode_vga_color.h:44:21: warning: 'colors' defined but not used [-Wunused-variable]
 static struct COLOR colors[]={
                     ^
Info: Linking GuitarHero.elf
nios2-elf-g++  -T'../GuitarHero_bsp//linker.x' -msys-crt0='../GuitarHero_bsp//obj/HAL/src/crt0.o' -msys-lib=hal_bsp -L../GuitarHero_bsp/   -Wl,-Map=GuitarHero.map   -O0 -g -Wall   -mno-hw-div -mno-hw-mul -mno-hw-mulx -mgpopt=global  -o GuitarHero.elf obj/default/main.o obj/default/text_mode_vga_color.o -lm -msys-lib=m
nios2-elf-insert GuitarHero.elf --thread_model hal --cpu_name nios2_gen2_0 --qsys true --simulation_enabled false --id 255 --sidp 0x108 --timestamp 1639338139 --stderr_dev jtag_uart_0 --stdin_dev jtag_uart_0 --stdout_dev jtag_uart_0 --sopc_system_name GuitarHero --quartus_project_dir "C:/Users/owent/Documents/GitHub/ECE-385/Guitar-Hero-Shin-Dimov" --jdi ../..//output_files/GuitarHero.jdi --sopcinfo C:/Users/owent/Documents/GitHub/ECE-385/Guitar-Hero-Shin-Dimov/software/GuitarHero_bsp/../../GuitarHero.sopcinfo
Info: (GuitarHero.elf) 64 KBytes program size (code + initialized data).
Info:                  65464 KBytes free for stack + heap.
Info: Creating GuitarHero.objdump
nios2-elf-objdump --disassemble --syms --all-header --source GuitarHero.elf >GuitarHero.objdump
[GuitarHero build complete]

16:34:07 Build Finished (took 3s.98ms)

